2025-03-25 13:33:10,721 - ERROR - Error en el proceso principal: No se encontraron archivos Sabi_Export_ en /Users/luisguillen/Documents/Quinto curso/Segundo semestre/TFG/210309-BAM/Data/modificados
2025-03-26 18:25:33,968 - INFO - Se encontraron 17 archivos de entrada
2025-03-26 18:25:33,968 - INFO - Iniciando carga de datos...
2025-03-26 18:25:33,968 - ERROR - Error procesando SABI_2019.xls: list index out of range
2025-03-26 18:25:33,968 - ERROR - Error procesando SABI_2018.xls: list index out of range
2025-03-26 18:25:33,968 - ERROR - Error procesando SABI_2008.xls: list index out of range
2025-03-26 18:25:33,968 - ERROR - Error procesando SABI_2020.xls: list index out of range
2025-03-26 18:25:33,968 - ERROR - Error procesando SABI_2021.xls: list index out of range
2025-03-26 18:25:33,968 - ERROR - Error procesando SABI_2009.xls: list index out of range
2025-03-26 18:25:33,968 - ERROR - Error procesando SABI_2023.xls: list index out of range
2025-03-26 18:25:33,968 - ERROR - Error procesando SABI_2022.xls: list index out of range
2025-03-26 18:25:33,968 - ERROR - Error procesando SABI_2007.xls: list index out of range
2025-03-26 18:25:33,968 - ERROR - Error procesando SABI_2013.xls: list index out of range
2025-03-26 18:25:33,968 - ERROR - Error procesando SABI_2012.xls: list index out of range
2025-03-26 18:25:33,968 - ERROR - Error procesando SABI_2010.xls: list index out of range
2025-03-26 18:25:33,968 - ERROR - Error procesando SABI_2011.xls: list index out of range
2025-03-26 18:25:33,968 - ERROR - Error procesando SABI_2015.xls: list index out of range
2025-03-26 18:25:33,968 - ERROR - Error procesando SABI_2014.xls: list index out of range
2025-03-26 18:25:33,968 - ERROR - Error procesando SABI_2016.xls: list index out of range
2025-03-26 18:25:33,968 - ERROR - Error procesando SABI_2017.xls: list index out of range
2025-03-26 18:25:33,968 - ERROR - Error en paso0: No se pudieron cargar datos de ningún archivo
2025-03-26 18:25:33,968 - ERROR - Error en el proceso principal: Error en paso 0: No se pudieron cargar los datos
2025-03-26 18:25:54,870 - INFO - Creado directorio de salida: /Users/luisguillen/Documents/Quinto curso/Segundo semestre/TFG/210309-BAM/Data/resultados
2025-03-26 18:25:54,870 - INFO - Se encontraron 17 archivos de entrada
2025-03-26 18:25:54,870 - INFO - Iniciando carga de datos...
2025-03-26 18:25:54,870 - INFO - Procesando SABI_2019.xls...
2025-03-26 18:25:54,871 - ERROR - Error procesando SABI_2019.xls: Missing optional dependency 'xlrd'. Install xlrd >= 2.0.1 for xls Excel support Use pip or conda to install xlrd.
2025-03-26 18:25:54,871 - INFO - Procesando SABI_2018.xls...
2025-03-26 18:25:54,871 - ERROR - Error procesando SABI_2018.xls: Missing optional dependency 'xlrd'. Install xlrd >= 2.0.1 for xls Excel support Use pip or conda to install xlrd.
2025-03-26 18:25:54,871 - INFO - Procesando SABI_2008.xls...
2025-03-26 18:25:54,871 - ERROR - Error procesando SABI_2008.xls: Missing optional dependency 'xlrd'. Install xlrd >= 2.0.1 for xls Excel support Use pip or conda to install xlrd.
2025-03-26 18:25:54,871 - INFO - Procesando SABI_2020.xls...
2025-03-26 18:25:54,871 - ERROR - Error procesando SABI_2020.xls: Missing optional dependency 'xlrd'. Install xlrd >= 2.0.1 for xls Excel support Use pip or conda to install xlrd.
2025-03-26 18:25:54,871 - INFO - Procesando SABI_2021.xls...
2025-03-26 18:25:54,872 - ERROR - Error procesando SABI_2021.xls: Missing optional dependency 'xlrd'. Install xlrd >= 2.0.1 for xls Excel support Use pip or conda to install xlrd.
2025-03-26 18:25:54,872 - INFO - Procesando SABI_2009.xls...
2025-03-26 18:25:54,872 - ERROR - Error procesando SABI_2009.xls: Missing optional dependency 'xlrd'. Install xlrd >= 2.0.1 for xls Excel support Use pip or conda to install xlrd.
2025-03-26 18:25:54,872 - INFO - Procesando SABI_2023.xls...
2025-03-26 18:25:54,872 - ERROR - Error procesando SABI_2023.xls: Missing optional dependency 'xlrd'. Install xlrd >= 2.0.1 for xls Excel support Use pip or conda to install xlrd.
2025-03-26 18:25:54,872 - INFO - Procesando SABI_2022.xls...
2025-03-26 18:25:54,872 - ERROR - Error procesando SABI_2022.xls: Missing optional dependency 'xlrd'. Install xlrd >= 2.0.1 for xls Excel support Use pip or conda to install xlrd.
2025-03-26 18:25:54,872 - INFO - Procesando SABI_2007.xls...
2025-03-26 18:25:54,873 - ERROR - Error procesando SABI_2007.xls: Missing optional dependency 'xlrd'. Install xlrd >= 2.0.1 for xls Excel support Use pip or conda to install xlrd.
2025-03-26 18:25:54,873 - INFO - Procesando SABI_2013.xls...
2025-03-26 18:25:54,873 - ERROR - Error procesando SABI_2013.xls: Missing optional dependency 'xlrd'. Install xlrd >= 2.0.1 for xls Excel support Use pip or conda to install xlrd.
2025-03-26 18:25:54,873 - INFO - Procesando SABI_2012.xls...
2025-03-26 18:25:54,873 - ERROR - Error procesando SABI_2012.xls: Missing optional dependency 'xlrd'. Install xlrd >= 2.0.1 for xls Excel support Use pip or conda to install xlrd.
2025-03-26 18:25:54,873 - INFO - Procesando SABI_2010.xls...
2025-03-26 18:25:54,874 - ERROR - Error procesando SABI_2010.xls: Missing optional dependency 'xlrd'. Install xlrd >= 2.0.1 for xls Excel support Use pip or conda to install xlrd.
2025-03-26 18:25:54,874 - INFO - Procesando SABI_2011.xls...
2025-03-26 18:25:54,874 - ERROR - Error procesando SABI_2011.xls: Missing optional dependency 'xlrd'. Install xlrd >= 2.0.1 for xls Excel support Use pip or conda to install xlrd.
2025-03-26 18:25:54,874 - INFO - Procesando SABI_2015.xls...
2025-03-26 18:25:54,874 - ERROR - Error procesando SABI_2015.xls: Missing optional dependency 'xlrd'. Install xlrd >= 2.0.1 for xls Excel support Use pip or conda to install xlrd.
2025-03-26 18:25:54,874 - INFO - Procesando SABI_2014.xls...
2025-03-26 18:25:54,874 - ERROR - Error procesando SABI_2014.xls: Missing optional dependency 'xlrd'. Install xlrd >= 2.0.1 for xls Excel support Use pip or conda to install xlrd.
2025-03-26 18:25:54,874 - INFO - Procesando SABI_2016.xls...
2025-03-26 18:25:54,875 - ERROR - Error procesando SABI_2016.xls: Missing optional dependency 'xlrd'. Install xlrd >= 2.0.1 for xls Excel support Use pip or conda to install xlrd.
2025-03-26 18:25:54,875 - INFO - Procesando SABI_2017.xls...
2025-03-26 18:25:54,875 - ERROR - Error procesando SABI_2017.xls: Missing optional dependency 'xlrd'. Install xlrd >= 2.0.1 for xls Excel support Use pip or conda to install xlrd.
2025-03-26 18:25:54,875 - ERROR - Error en paso0: No se pudieron cargar datos de ningún archivo
2025-03-26 18:25:54,875 - ERROR - Error en el proceso principal: No se pudieron cargar datos de ningún archivo
2025-03-26 18:31:28,478 - INFO - Se encontraron 17 archivos de entrada
2025-03-26 18:31:28,478 - INFO - Iniciando carga de datos...
2025-03-26 18:31:28,478 - INFO - Procesando SABI_2019.xls...
2025-03-26 18:31:28,730 - INFO - Archivo SABI_2019.xls procesado correctamente
2025-03-26 18:31:28,730 - INFO - Procesando SABI_2018.xls...
2025-03-26 18:31:28,982 - INFO - Archivo SABI_2018.xls procesado correctamente
2025-03-26 18:31:28,982 - INFO - Procesando SABI_2008.xls...
2025-03-26 18:31:29,228 - INFO - Archivo SABI_2008.xls procesado correctamente
2025-03-26 18:31:29,228 - INFO - Procesando SABI_2020.xls...
2025-03-26 18:31:29,471 - INFO - Archivo SABI_2020.xls procesado correctamente
2025-03-26 18:31:29,471 - INFO - Procesando SABI_2021.xls...
2025-03-26 18:31:29,741 - INFO - Archivo SABI_2021.xls procesado correctamente
2025-03-26 18:31:29,741 - INFO - Procesando SABI_2009.xls...
2025-03-26 18:31:29,983 - INFO - Archivo SABI_2009.xls procesado correctamente
2025-03-26 18:31:29,983 - INFO - Procesando SABI_2023.xls...
2025-03-26 18:31:30,233 - INFO - Archivo SABI_2023.xls procesado correctamente
2025-03-26 18:31:30,234 - INFO - Procesando SABI_2022.xls...
2025-03-26 18:31:30,473 - INFO - Archivo SABI_2022.xls procesado correctamente
2025-03-26 18:31:30,473 - INFO - Procesando SABI_2007.xls...
2025-03-26 18:31:30,732 - INFO - Archivo SABI_2007.xls procesado correctamente
2025-03-26 18:31:30,732 - INFO - Procesando SABI_2013.xls...
2025-03-26 18:31:30,981 - INFO - Archivo SABI_2013.xls procesado correctamente
2025-03-26 18:31:30,981 - INFO - Procesando SABI_2012.xls...
2025-03-26 18:31:31,232 - INFO - Archivo SABI_2012.xls procesado correctamente
2025-03-26 18:31:31,232 - INFO - Procesando SABI_2010.xls...
2025-03-26 18:31:31,484 - INFO - Archivo SABI_2010.xls procesado correctamente
2025-03-26 18:31:31,484 - INFO - Procesando SABI_2011.xls...
2025-03-26 18:31:31,729 - INFO - Archivo SABI_2011.xls procesado correctamente
2025-03-26 18:31:31,729 - INFO - Procesando SABI_2015.xls...
2025-03-26 18:31:31,971 - INFO - Archivo SABI_2015.xls procesado correctamente
2025-03-26 18:31:31,971 - INFO - Procesando SABI_2014.xls...
2025-03-26 18:31:32,215 - INFO - Archivo SABI_2014.xls procesado correctamente
2025-03-26 18:31:32,215 - INFO - Procesando SABI_2016.xls...
2025-03-26 18:31:32,462 - INFO - Archivo SABI_2016.xls procesado correctamente
2025-03-26 18:31:32,462 - INFO - Procesando SABI_2017.xls...
2025-03-26 18:31:32,728 - INFO - Archivo SABI_2017.xls procesado correctamente
2025-03-26 18:31:33,427 - INFO - Datos consolidados: 47798 filas
2025-03-26 18:31:33,439 - INFO - Iniciando limpieza de datos...
2025-03-26 18:31:35,689 - ERROR - Error en paso1: 'Código CIF'
2025-03-26 18:31:36,142 - ERROR - Error en el proceso principal: Error en paso 1: No se pudieron limpiar los datos
